[  0.0000] inx version 4.10-36-generic (buildd@lgw01-amd64-03) gcc vrson 7.3.0 (Ubuntu 7.3.0-16ubuntu3)) #39-Ubuntu SMP Mon Sep 24 16:19:09 UTC 2018 (Ubuntu 4.15.0-36.39-generic 4.15.18)
[    0.000000] Command line: BOOT_IMAGE=/boot/vmlinuz-4.15.0-36-generic root=LABEL=cloudimg-rootfs ro console=tty1 csole=ttyS0
[    0.000000] KERNEL supported cpus:
[    0.000000]   Intel GenuineIntel
[    0.000000]   AMD AuthenticAMD
[    0.000000]   Centaur CentaurHauls
   0.000000] x86/fpu: Supporting XSAVE feature 0x001: '87floatingoint regstrs'
[  0.0000] x/fpu: Supporing XSAVEfeture x002: 'S registrs
[  0.0000] x86fp: uportngXSVEfeatur 000: AVX rgiters'
   0.00000 x86fp: xstae_ffse[2:  57, stte_sizes[2]  256
[   0.0000] 86/fpu Enabled xstate features 0x7, context size is 832 bytes, using 'standard' format.
[    0.000000] e820: BIOS-provided physical RAM map:
[    .000000]BIS-e8: [mem x000000000000-x00000000000bff]usble
[  0.0000] OS-e82 [memx0000000009fc00-0x00000000ffff] reserved
    0.000000] BIOS-e820: [mem 0x00000000000f00000x000000000ffff reserved
   0.0000] BIOS-82: [mm x000000001000000x00000003ffeffff] usable
[    0.000000] BIOS-e820: [mem 0x000000003fff0000-0x000000003fffffff] ACPI data
[    0.000000] BIOS-e820: [mem 0x00000000fec00000-0x00000000fec00fff] reserved
[    0.000000] BIOS-e820: [mem 0x000000000ee00000x000000ee00ff]reseve
[   0.00000] BIS-e80:[mem 0x00000000fffc0000-0x00000000ffffffff] reserved
[    0.000000] NX (ExecteDisale)prtetion: acive
[   .000000] MBIOS.5 pesnt.
[  0.0000] DMI: innok GmH iruaBox/ViruaBox, BOSVirtuaBo 1/01/2006
[  0.00000 Hyperisr detete: KVM
[   0.0000] e820 las_pfn = 03ff0 axarch_n = 0400000
[   0.00000MTRR: Disabed[    0.00000] x86/PAT:TRRs disbld, skipping PATnitiaization too.
[    0.000000] CPU MTRRs all blank - virtualized system.
[    0.000000] x86/PAT: Configuration [0-7]: WB  WT  UC- UC  WB  WT  UC- UC  
[    0.000000] found SMP MP-table at [mem 0x0009fff0-0x0009ffff] mappd at [     (trval)
    0.0000] Scanning1 res fo lowmeory oruption
[    0.000000] RAMDISK: [mem 0x35ae3000-0x36d68fff]
[    0.000000] ACPI: Early table checksum verification disabled
[   0.0000] PI: RDP0x000000000E000 00024 (v2 BO  
   0.00000 API XDT0x0000003FFF0300003C(v01 BO   VBXXDT 0000001 ASL  000006)
[   0.0000]ACPI: FCP0x0000000FFF0F0000F (04VBOX   VBXFAC 0000001 A  000001)
[  0.0000] ACPI: SD 0x0000003FF070 0011 (v0 VBOX   VBOXBIOS 00000002 INTL 20100528)
[    0.000000] ACPI: FACS 0x000000003FFF0200 00004
[   0.000000] ACPI:FACS 0x000000003FFF020 00040
[   0.0000] ACPIAPIC 0x0000003FF020 00005 (02 BO   VBOAPI 000000 ASL  000061)
[  0.0000] ACI:SSDT 0x0000003FFF02A0 0001CC (v01 VBOX   VBOXCPUT 00000002 INTL 20100528)
[    0.000000] No NUM cnfigation oud
[    0.000000] Faking a node at [mem 0x000000000000000-0x0000003ffeff]
[  0.00000 NODE_DAA() alocted [mem 0x3ffc5000-0ffefff]
[  0.00000 kvm-clock: cpu, msr:3ff4001, primry cpu lock
[   0.000000 kvm-clock: Using msrs 4b56401 and 4b564d00
[    0.000000] kvm-clock: using sched offset of 5008419429 cycles
[    0000000]clcksource: kvm-clock: mask: 0xffffffffffffffff max_cycles: 0x1cd42e4dffb, max_idle_ns: 881590591483 ns
[    0.000000] Zone ranges:
[    0.000000]   DMA      [mem 0x0000000000001000-0x0000000000fffff]
[  0.0000]   DMA32    [mem 0x0000000001000000-0x000000003ffeffff]
[   0.0000]  Normal  emty[    00000   Deic   mpy
[   0.00000] Movae zonestrt for each node
[  0.000000]arly memor nde rage
[    0.0000]   ne   0: [mem 0x0000000000001000-0x00000000009efff]
[    0.000000]   node   0:[mem 0000000000000-00000003fffff
    .00000 Iitm setu nde 0[mm 0x0000000000100-000000003feffff]
[    0.000000] Reserved but unavailable: 98 pages
[    0.000000] ACPI: PM-Timer IO Port: 0x4008
[    .000000]IOPIC[0: pic_id2,version32 addrss 0xfec0000,GSI0-23
[   0.00000]ACI:IN_SC_OVRbus 0 buirq 0 glba_ir2 dfl df)
[    0.00000] ACPI: INT_SRC_OVR (bus bus_iq  global_irq 9 low leve)
[   .00000 UsngACPI(MDT) fo SP cofiguraion inoration
[  0.000000 spboot Aloin 2 Cs, 0hoplug CPUs
[    0.000000] PM: Registered nosave memory: [em 0x000000-x0000ff]
[    .00000]PM Reisered nsae emry:[mm 0x09f000-x009ffff
[   0.0000] P Registeednosavemeory: [em0x000a000-0x000effff]
[    0.000000] PM: Registered nosave memory: [mem 0x000f0000-0x000fffff]
[    0.000000] e820: [em 0x400000-0xfeffff] available forCI device
[    000000]Boting paravirtualized kernel on KVM
[    0.000000] clocksource: refined-jiffies: mask: 0xffffffff max_cycles: 0xffffffmax_idle_ns76455196021158 s
[   0.00000random:get_rando_bytes aled fromtartkenel+0x990xfdwih crngint=0
[  0.0000] etp_percp NR_CS:8192 nrcpmask_it:2 nr_cpids:2 r_ode_ds1
[  0.0000] percp: Embedded 46 pages/cpu @        (ptrval) s151552r8192 28672 u104857
   0.0000] PV qsinockhah table tries: 256 (oer: 04096 bytes)
[   000000] uit 1 zolistsmobity groupinon.  Tota pges: 25793
[   0.000000] Poic zon: DMA32
[    0.000000] Kernel command line: BOOT__IMAE=/boot/vmlinuz-4.15.0-36-generic root=LABEL=cloudimg-rootfs ro console=tty1 console=ttyS0
[    0.000000] Memory: 983616K/1048120K available (12300K kernel code, 2472K rwdata, 4248K rodata, 2408K init, 2416K bss, 64504K reserved, 0K cma-reserved)
[    0.000000] SLUB: HWalign=64, Order=0-3, MinObjects=0, CPUs=2, Nodes=1
[    0.000000] Kernel/User page tables isolation: enabled
[    0.000000] ftrace: allocating 39168 entries in 154 pages
[    0.004000] Hierarchical RCU implementation.
[    0.004000] 	CU retrcting CUsfromNRCPUS192 to nr_cpu_ids=2.
[    0.004000] 	Tasks RCU enabled.
[    0.004000] RCU: Adjusting geometry for rcufaout_lea=1, r_pu_ids=
[    0.004000] NR_IRQS: 5254, nrirs:44, preaocated iqs 16
   0.0400] Consoe: coour VGA+8025
[  0.04000] console [tty1] enabled
[    0.004000] console [ttyS0] enabled
[    0.004000] ACPI: Core revision 20170831
[   0.00400] CPI:2 CPI AML abessucesfuly acquird ndloded
[    0.004000] APIC: Switch to symmetric I/O mode setup
[    0.004285] x2apic enabled
[    0.008008] Switched APIC routing to physical x2apic.
[    0.013079] ..TIMER: vector=0x30 apic1=0 pin1=2 apic2=-1 pin2=-1
[    0.016007] tsc: Detected 1799.999 MHz processor
[    0.020013] Calibrating delay loop (skipped) preset value.. 3599.99 BogoMIPS (lpj=7199996)
[    0.024008] pid_max: default: 32768 minimum: 301
[    0.028046] Security Framework initialized
[    0.032009] Yama: becoming mindful.
[    0.036046] AppArmor: AppArmor initialized
[    0.042060] Dentry cache hash table entries: 131072 (order: 8, 1048576 bytes)
[    0.044112] Inode-cache hash table entries: 65536 (order: 7, 524288 bytes)
[    0.048033] Mount-cache hash table entries: 2048 (order: 2, 16384 bytes)
[    0.052018] Mountpoint-cache hash table entries: 2048 (order: 2, 16384 bytes)
[    0.056276] mce: CPU supports 0 MCE banks
[    0.057672] Last level iTLB entries: 4KB 64, 2MB 8, 4MB 8
[    0.060007] Last level dTLB entries: 4KB 64, 2MB 0, 4MB 0, 1GB 4
[    0.064008] Spectre V2 : Mitigation: Full generic retpoline
[    0.068007] Spectre V2 : Spectre v2 / SpectreRSB mitigation: Filling RSB on context switch
[    0.072002] Speculative Store Bypass: Vulnerable
[    0.076107] Freeing SMP alternatives memory: 36K
[    0.084000] smpboot: CPU0: Intel(R) Core(TM) i5-5350U CPU @ 1.80GHz (family: 0x6, model: 0x3d, stepping: 0x4)
[    0.084107] Performance Events: unsupported p6 CPU model 61 no PMU driver, software events only.
[    0.088074] Hierarchical SRCU implementation.
[    0.092632] NMI watchdog: Perf event create on CPU 0 failed with -2
[    0.096008] NMI watchdog: Perf NMI watchdog permanently disabled
[    0.100090] smp: Bringing up secondary CPUs ...
[    0.104135] x86: Booting SMP configuration:
[    0.105687] .... node  #0, CPUs:      #1
[    0.004000] kvm-clock: cpu 1, msr 0:3ff44041, secondary cpu clock
[    0.004000] mce: CPU supports 0 MCE banks
[    0.216046] smp: Brought up 1 node, 2 CPUs
[    0.220014] smpboot: Max logical packages: 1
[    0.224013] smpboot: Total of 2 processors activated (7199.99 BogoMIPS)
[    0.228164] devtmpfs: initialized
[    0.232083] x86/mm: Memory block size: 128MB
[    0.236203] evm: security.selinux
[    0.240012] evm: security.SMACK64
[    0.244006] evm: security.SMACK64EXEC
[    0.248005] evm: security.SMACK64TRANSMUTE
[    0.252005] evm: security.SMACK64MMAP
[    0.256003] evm: security.apparmor
[    0.260003] evm: security.ima
[    0.264005] evm: security.capability
[    0.268170] clocksource: jiffies: mask: 0xffffffff max_cycles: 0xffffffff, max_idle_ns: 7645041785100000 ns
[    0.272018] futex hash table entries: 512 (order: 3, 32768 bytes)
[    0.276097] pinctrl core: initialized pinctrl subsystem
[    0.281848] RTC time:  6:37:52, date: 10/25/18
[    0.284273] NET: Registered protocol family 16
[    0.288097] audit: initializing netlink subsys (disabled)
[    0.292066] audit: type=2000 audit(1540449455.821:1): state=initialized audit_enabled=0 res=1
[    0.388185] cpuidle: using governor ladder
[    0.392023] cpuidle: using governor menu
[    0.396070] ACPI: bus type PCI registered
[    0.400007] acpiphp: ACPI Hot Plug PCI Controller Driver version: 0.5
[    0.404142] PCI: Using configuration type 1 for base access
[    0.409194] HugeTLB registered 2.00 MiB page size, pre-allocated 0 pages
[    0.412127] ACPI: Added _OSI(Module Device)
[    0.416010] ACPI: Added _OSI(Processor Device)
[    0.420009] ACPI: Added _OSI(3.0 _SCP Extensions)
[    0.424012] ACPI: Added _OSI(Processor Aggregator Device)
[    0.428013] ACPI: Added _OSI(Linux-Dell-Video)
[    0.432013] ACPI: Added _OSI(Linux-Lenovo-NV-HDMI-Audio)
[    0.436887] ACPI: Executed 1 blocks of module-level executable AML code
[    0.446112] ACPI: Interpreter enabled
[    0.448028] ACPI: (supports S0 S5)
[    0.452008] ACPI: Using IOAPIC for interrupt routing
[    0.456289] PCI: Using host bridge windows from ACPI; if necessary, use "pci=nocrs" and report a bug
[    0.460247] ACPI: Enabled 2 GPEs in block 00 to 07
[    0.473768] ACPI: PCI Root Bridge [PCI0] (domain 0000 [bus 00-ff])
[    0.476019] acpi PNP0A03:00: _OSC: OS supports [ASPM ClockPM Segments MSI]
[    0.484033] acpi PNP0A03:00: _OSC: not requesting OS control; OS requires [ExtendedConfig ASPM ClockPM MSI]
[    0.488025] acpi PNP0A03:00: fail to add MMCONFIG information, can't access extended PCI configuration space under this bridge.
[    0.492595] PCI host bridge to bus 0000:00
[    0.496010] pci_bus 0000:00: root bus resource [io  0x0000-0x0cf7 window]
[    0.500011] pci_bus 0000:00: root bus resource [io  0x0d00-0xffff window]
[    0.504010] pci_bus 0000:00: root bus resource [mem 0x000a0000-0x000bffff window]
[    0.508010] pci_bus 0000:00: root bus resource [mem 0x40000000-0xfdffffff window]
[    0.512015] pci_bus 0000:00: root bus resource [bus 00-ff]
[    0.525528] pci 0000:00:01.1: legacy IDE quirk: reg 0x10: [io  0x01f0-0x01f7]
[    0.528010] pci 0000:00:01.1: legacy IDE quirk: reg 0x14: [io  0x03f6]
[    0.532019] pci 0000:00:01.1: legacy IDE quirk: reg 0x18: [io  0x0170-0x0177]
[    0.536008] pci 0000:00:01.1: legacy IDE quirk: reg 0x1c: [io  0x0376]
[    0.566349] pci 0000:00:07.0: quirk: [io  0x4000-0x403f] claimed by PIIX4 ACPI
[    0.568032] pci 0000:00:07.0: quirk: [io  0x4100-0x410f] claimed by PIIX4 SMB
[    0.590517] ACPI: PCI Interrupt Link [LNKA] (IRQs 5 9 10 *11)
[    0.592390] ACPI: PCI Interrupt Link [LNKB] (IRQs 5 9 *10 11)
[    0.596189] ACPI: PCI Interrupt Link [LNKC] (IRQs 5 *9 10 11)
[    0.600192] ACPI: PCI Interrupt Link [LNKD] (IRQs 5 9 10 *11)
[    0.604539] SCSI subsystem initialized
[    0.608085] pci 0000:00:02.0: vgaarb: setting as boot VGA device
[    0.612000] pci 0000:00:02.0: vgaarb: VGA device added: decodes=io+mem,owns=io+mem,locks=none
[    0.612012] pci 0000:00:02.0: vgaarb: bridge control possible
[    0.616008] vgaarb: loaded
[    0.620072] ACPI: bus type USB registered
[    0.624071] usbcore: registered new interface driver usbfs
[    0.628043] usbcore: registered new interface driver hub
[    0.632405] usbcore: registered new device driver usb
[    0.636470] EDAC MC: Ver: 3.0.0
[    0.642558] PCI: Using ACPI for IRQ routing
[    0.645254] NetLabel: Initializing
[    0.648010] NetLabel:  domain hash size = 128
[    0.652008] NetLabel:  protocols = UNLABELED CIPSOv4 CALIPSO
[    0.656043] NetLabel:  unlabeled traffic allowed by default
[    0.660227] clocksource: Switched to clocksource kvm-clock
[    7256VF: skuos quot_6.6.0
[    1.089472] VFS: Dquot-cache hash table entries: 512 (order 0, 4096 bytes)
[    1.092197] AppArmor: AppArmor Filesystem Enabled
[    1.093958] pnp: PnP ACPI init   1.356]np P API found 3deces
[    1.643333] cloksur: pim:as 0fff x_cl: ffff m_ie_: 087002ns

[    .588] ET: Registered protocol family 2

[    .7608]CPesablsh hh bl etres 892orr:, 53byes)[  34846TCbi hh abe enries: 8192 (rd:  1072yts)
[    42091 TP:astablecoigedesblsh 82 nd 8192)
[  48878] DPastae tres51 (rdr:2,1684 bytes)
[    5.509369] UDP-Lite hash table entries: 512 (order: 2, 16384 bytes)
[    5.511526] NET: Registered protocol family 1
[    5.513050] pci 0000:00:00.0: Limiting direct PCI/PCI transfers
[   5155]ci00001. Aivti I D hg orarounds
[   .235] i 0000:0.0 VdedeceitshoweROatme0x0c00x0dff]
[   7.4667 Uacing iitmf..
[    7.930023] Freeing initrd memory: 18968K
[    8.000624] platform rtc_cmos: registered platform RTC device (no PNP device found)
[    8.136590] Scanning for low memory corruption every 60 seconds
[    8.242245] Initialise system trusted keyrings
[    8.289627] Key type blacklist registered
[    8.332772] workingset: timestamp_bits=36 max_order=18 bucket_order=0
[    8.382316] zbud: loaded
[    8.418931] squashfs: version 4.0 (2009/01/31) Phillip Lougher
[    8.462045] fuse init (API version 7.26)
[    8.492875] Key type asymmetric registered
[    8.518652] Asymmetric key parser 'x509' registered
[    8.588407] Block layer SCSI generic (bsg) driver version 0.4 loaded (major 246)
[    8.609174] io scheduler noop registered
[    8.638635] io scheduler deadline registered
[    8.641354] io scheduler cfq registered (default)
[    8.643152] ACPI: AC Adapter [AC] (off-line)
[    8.681006] input: Power Button as /devices/LNXSYSTM:00/LNXPWRBN:00/input/input0
[    8.766380] ACPI: Power Button [PWRF]
[    8.808774] input: Sleep Button as /devices/LNXSYSTM:00/LNXSLPBN:00/input/input1
[    8.896382] ACPI: Sleep Button [SLPF]
[    8.916367] Serial: 8250/16550 driver, 32 ports, IRQ sharing enabled
[    8.916507] ACPI: Battery Slot [BAT0] (battery present)
[    9.021014] tsc: Refined TSC clocksource calibration: 1799.946 MHz
[    9.021021] clocksource: tsc: mask: 0xffffffffffffffff max_cycles: 0x19f1f68b24b, max_idle_ns: 440795206913 ns
[    9.430828] 00:02: ttyS0 at I/O 0x3f8 (irq = 4, base_baud = 115200) is a 16550A
[    9.550546] Linux agpgart interface v0.103
[    9.570970] loop: module loaded
[    9.583384] scsi host0: ata_piix
[    9.603673] scsi host1: ata_piix
[    9.639051] ata1: PATA max UDMA/33 cmd 0x1f0 ctl 0x3f6 bmdma 0xd000 irq 14
[    9.643290] ata2: PATA max UDMA/33 cmd 0x170 ctl 0x376 bmdma 0xd008 irq 15
[    9.648440] libphy: Fixed MDIO Bus: probed
[    9.734872] tun: Universal TUN/TAP device driver, 1.6
[    9.738063] PPP generic driver version 2.4.2
[    9.816377] ehci_hcd: USB 2.0 'Enhanced' Host Controller (EHCI) Driver
[    9.916609] ehci-pci: EHCI PCI platform driver
[   11.023401] ehci-platform: EHCI generic platform driver
[   10.179075] ohci_hcd: USB 1.1 'Open' Host Controller (OHCI) Driver
[   10.248931] ohci-pci: OHCI PCI platform driver
[   10.304355] ohci-platform: OHCI generic platform driver
[   10.373405] uhci_hcd: USB Universal Host Controller Interface driver
[   10.446726] i8042: PNP: PS/2 Controller [PNP0303:PS2K,PNP0f03:PS2M] at 0x60,0x64 irq 1,12
[   10.539594] serio: i8042 KBD port at 0x60,0x64 irq 1
[   10.606625] serio: i8042 AUX port at 0x60,0x64 irq 12
[   10.630021] mousedev: PS/2 mouse device common for all mice
[   10.654975] input: AT Translated Set 2 keyboard as /devices/platform/i8042/serio0/input/input2
[   10.656321] rtc_cmos rtc_cmos: rtc core: registered rtc_cmos as rtc0
[   10.656421] rtc_cmos rtc_cmos: alarms up to one day, 114 bytes nvram
[   10.656438] i2c /dev entries driver
[   10.656447] pcie_mp2_amd: AMD(R) PCI-E MP2 Communication Driver Version: 1.0
[   10.656563] device-mapper: uevent: version 1.0.3
[   10.656664] device-mapper: ioctl: 4.37.0-ioctl (2017-09-20) initialised: dm-devel@redhat.com
[   11.074083] ledtrig-cpu: registered to indicate activity on CPUs
[   11.170345] NET: Registered protocol family 10
[   11.228148] Segment Routing with IPv6
[   11.280089] NET: Registered protocol family 17
[   11.323607] Key type dns_resolver registered
[   11.396673] RAS: Correctable Errors collector initialized.
[   11.456850] sched_clock: Marking stable (11456813111, 0)->(36978602743, -25521789632)
[   11.536533] registered taskstats version 1
[   11.579576] Loading compiled-in X.509 certificates
[   11.655050] Loaded X.509 cert 'Build time autogenerated kernel key: fcd93cd0852f7ae1da10896371e06e3c19479c00'
[   11.751792] zswap: loaded using pool lzo/zbud
[   11.764787] Key type big_key registered
[   11.800899] Key type trusted registered
[   11.829754] Key type encrypted registered
[   11.845163] AppArmor: AppArmor sha1 policy hashing enabled
[   11.873021] ima: No TPM chip found, activating TPM-bypass! (rc=-19)
[   11.932345] ima: Allocated hash algorithm: sha1
[   11.988833] evm: HMAC attrs: 0x1
[   12.012720]   Magic number: 6:120:621
[   12.073350] rtc_cmos rtc_cmos: setting system clock to 2018-10-25 06:38:06 UTC (1540449486)
[   12.187450] BIOS EDD facility v0.16 2004-Jun-25, 0 devices found
[   12.223429] EDD information not available.
[   12.299245] Freeing unused kernel memory: 2408K
[   12.384149] Write protecting the kernel read-only data: 20480k
[   12.430590] Freeing unused kernel memory: 2008K
[   12.509539] Freeing unused kernel memory: 1896K
[   12.601147] x86/mm: Checked W+X mappings: passed, no W+X pages found.
[   12.706378] x86/mm: Checking user space page tables
[   12.817527] x86/mm: Checked W+X mappings: passed, no W+X pages found.
Loading, please wait...
starting version 237
[   13.079791] Fusion MPT base driver 3.04.20
[   13.083888] Copyright (c) 1999-2008 LSI Corporation
[   13.102571] e1000: Intel(R) PRO/1000 Network Driver - version 7.3.21-k8-NAPI
[   13.128377] e1000: Copyright (c) 1999-2006 Intel Corporation.
[   13.150134] Fusion MPT SPI Host driver 3.04.20
[   13.196164] AVX2 version of gcm_enc/dec engaged.
[   13.213487] AES CTR mode by8 optimization enabled
[   13.367964] input: ImExPS/2 Generic Explorer Mouse as /devices/platform/i8042/serio1/input/input4
[   13.622620] e1000 0000:00:03.0 eth0: (PCI:33MHz:32-bit) 02:64:b1:f0:58:a2
[   15.096555] e1000 0000:00:03.0 eth0: Intel(R) PRO/1000 Network Connection
[   15.133666] mptbase: ioc0: Initiating bringup
[   15.300554] ioc0: LSI53C1030 A0: Capabilities={Initiator}
[   15.560584] scsi host2: ioc0: LSI53C1030 A0, FwRev=00000000h, Ports=1, MaxQ=256, IRQ=20
[   15.780183] scsi 2:0:0:0: Direct-Access     VBOX     HARDDISK         1.0  PQ: 0 ANSI: 5
[   15.976371] scsi target2:0:0: Beginning Domain Validation
[   15.999229] scsi target2:0:0: Domain Validation skipping write tests
[   16.014012] scsi target2:0:0: Ending Domain Validation
[   16.022596] scsi target2:0:0: asynchronous
[   16.042755] scsi 2:0:1:0: Direct-Access     VBOX     HARDDISK         1.0  PQ: 0 ANSI: 5
[   16.256660] scsi target2:0:1: Beginning Domain Validation
[   16.301543] e1000 0000:00:08.0 eth1: (PCI:33MHz:32-bit) 08:00:27:53:5f:fe
[   16.301548] e1000 0000:00:08.0 eth1: Intel(R) PRO/1000 Network Connection
[   16.331778] e1000 0000:00:08.0 enp0s8: renamed from eth1
[   16.387112] random: fast init done
[   16.397196] scsi target2:0:1: Domain Validation skipping write tests
[   16.431111] scsi target2:0:1: Ending Domain Validation
[   16.446536] scsi target2:0:1: asynchronous
[   16.449342] random: systemd-udevd: uninitialized urandom read (16 bytes read)
[   16.449596] random: systemd-udevd: uninitialized urandom read (16 bytes read)
[   16.450199] random: systemd-udevd: uninitialized urandom read (16 bytes read)
[   16.455792] e1000 0000:00:03.0 enp0s3: renamed from eth0
[   16.518923] sd 2:0:0:0: Attached scsi generic sg0 type 0
[   16.519260] sd 2:0:0:0: [sda] 20971520 512-byte logical blocks: (10.7 GB/10.0 GiB)
[   16.519361] sd 2:0:0:0: [sda] Write Protect is off
[   16.519551] sd 2:0:0:0: [sda] Incomplete mode parameter data
[   16.519553] sd 2:0:0:0: [sda] Assuming drive cache: write through
[   16.522083]  sda: sda1
[   16.523092] sd 2:0:0:0: [sda] Attached SCSI disk
[   16.958547] sd 2:0:1:0: [sdb] 20480 512-byte logical blocks: (10.5 MB/10.0 MiB)
[   16.960432] sd 2:0:1:0: Attached scsi generic sg1 type 0
[   17.108989] sd 2:0:1:0: [sdb] Write Protect is off
[   17.169021] sd 2:0:1:0: [sdb] Incomplete mode parameter data
[   17.230004] sd 2:0:1:0: [sdb] Assuming drive cache: write through
[   17.348722] sd 2:0:1:0: [sdb] Attached SCSI disk
Begin: Loading essential drivers ... [   19.700227] raid6: sse2x1   gen()  8861 MB/s
[   19.784274] raid6: sse2x1   xor()  6568 MB/s
[   19.852346] raid6: sse2x2   gen()  5479 MB/s
[   19.988307] raid6: sse2x2   xor()  2433 MB/s
[   20.052941] raid6: sse2x4   gen()  4356 MB/s
[   20.140145] raid6: sse2x4   xor()  1774 MB/s
[   20.204269] raid6: avx2x1   gen() 15744 MB/s
[   20.276636] raid6: avx2x1   xor()  7323 MB/s
[   20.344182] raid6: avx2x2   gen() 10024 MB/s
[   20.412749] raid6: avx2x2   xor()  7409 MB/s
[   20.471300] raid6: avx2x4   gen()  3372 MB/s
[   20.536051] raid6: avx2x4   xor()  7307 MB/s
[   20.553232] raid6: using algorithm avx2x1 gen() 15744 MB/s
[   20.559483] raid6: .... xor() 7323 MB/s, rmw enabled
[   20.598723] raid6: using avx2x2 recovery algorithm
[   20.633638] xor: automatically using best checksumming function   avx       
[   20.747258] async_tx: api initialized (async)
done.
Begin: Running /scripts/init-premount ... done.
Begin: Mounting root file sys[   20.876890] Btrfs loaded, crc32c=crc32c-intel
tem ... Begin: Running /scripts/local-top ... done.
Begin: Running /scripts/local-premount ... Scanning for Btrfs filesystems
done.
Warning: fsck not present, so skipping root file[   21.067179] EXT4-fs (sda1): mounted filesystem with ordered data mode. Opts: (null)
 system
done.
Begin: Running /scripts/local-bottom ... done.
Begin: Running /scripts/init-bottom ... done.
[   21.678934] ip_tables: (C) 2000-2006 Netfilter Core Team
[   22.795503] systemd[1]: systemd 237 running in system mode. (+PAM +AUDIT +SELINUX +IMA +APPARMOR +SMACK +SYSVINIT +UTMP +LIBCRYPTSETUP +GCRYPT +GNUTLS +ACL +XZ +LZ4 +SECCOMP +BLKID +ELFUTILS +KMOD -IDN2 +IDN -PCRE2 default-hierarchy=hybrid)
[   23.285551] systemd[1]: Detected virtualization oracle.
[   23.339873] systemd[1]: Detected architecture x86-64.

Welcome to [1mUbuntu 18.04.1 LTS[0m!

[   23.454442] systemd[1]: Set hostname to <ubuntu-bionic>.
[   25.492472] systemd[1]: Created slice User and Session Slice.
[[0;32m  OK  [0m] Created slice User and Session Slice.
[   26.184567] systemd[1]: Created slice System Slice.
[[0;32m  OK  [0m] Created slice System Slice.
[   27.473462] systemd[1]: Listening on /dev/initctl Compatibility Named Pipe.
[[0;32m  OK  [0m] Listening on /dev/initctl Compatibility Named Pipe.
[   29.149083] systemd[1]: Listening on Journal Audit Socket.
[[0;32m  OK  [0m] Listening on Journal Audit Socket.
[   29.312977] systemd[1]: Listening on udev Control Socket.
[[0;32m  OK  [0m] Listening on udev Control Socket.
[   29.437294] systemd[1]: Listening on Journal Socket (/dev/log).
[[0;32m  OK  [0m] Listening on Journal Socket (/dev/log).
[   29.583239] systemd[1]: Listening on LVM2 poll daemon socket.
[[0;32m  OK  [0m] Listening on LVM2 poll daemon socket.
[   29.648455] systemd[1]: Listening on Network Service Netlink Socket.
[[0;32m  OK  [0m] Listening on Network Service Netlink Socket.
[   29.731699] systemd[1]: Started Forward Password Requests to Wall Directory Watch.
[[0;32m  OK  [0m] Started Forward Password Requests to Wall Directory Watch.
[   29.853822] systemd[1]: Set up automount Arbitrary Executable File Formats File System Automount Point.
[[0;32m  OK  [0m] Set up automount Arbitrary Executab…rmats File System Automount Point.
[   30.088805] systemd[1]: Reached target Swap.
[[0;32m  OK  [0m] Reached target Swap.
[   30.218419] systemd[1]: Created slice system-serial\x2dgetty.slice.
[[0;32m  OK  [0m] Created slice system-serial\x2dgetty.slice.
[   30.337561] systemd[1]: Listening on udev Kernel Socket.
[[0;32m  OK  [0m] Listening on udev Kernel Socket.
[[0;32m  OK  [0m] Listening on Syslog Socket.
[[0;32m  OK  [0m] Reached target System Time Synchronized.
[[0;32m  OK  [0m] Listening on Journal Socket.
         [   30.619047] random: crng init done
Starting Create list of required[   30.664675] random: 7 urandom warning(s) missed due to ratelimiting
 st…ce nodes for the current kernel...
         Starting Load Kernel Modules...[   32.427676] Loading iSCSI transport class v2.0-870.

         Starting Uncompl[   32.486032] iscsi: registered transport (tcp)
icated firewall...
[   32.521983] iscsi: registered transport (iser)
         Starting Set the console keyboard layout...
         Starting udev Coldplug all Devices...
         Mounting Kernel Debug File System...
         [   32.695878] EXT4-fs (sda1): re-mounted. Opts: (null)
Starting Remount Root and Kernel File Systems...
[[0;32m  OK  [0m] Reached target User and Group Name Lookups.
         Mounting Huge Pages File System...
         Starting Journal Service...
[[0;32m  OK  [0m] Listening on Device-mapper event daemon FIFOs.
[[0;32m  OK  [0m] Listening on LVM2 metadata daemon socket.
         Starting Monitoring of LVM2 mirrors…ng dmeventd or progress polling...
         Mounting POSIX Message Queue File System...
[[0;32m  OK  [0m] Reached target Slices.
[[0;32m  OK  [0m] Started Journal Service.
[[0;32m  OK  [0m] Started Create list of required sta…vice nodes for the current kernel.
[[0;32m  OK  [0m] Started Load Kernel Modules.
[[0;32m  OK  [0m] Started Uncomplicated firewall.
[[0;32m  OK  [0m] Started Set the console keyboard layout.
[[0;32m  OK  [0m] Mounted Kernel Debug File System.
[[0;32m  OK  [0m] Started Remount Root and Kernel File Systems.
[[0;32m  OK  [0m] Mounted Huge Pages File System.
[[0;32m  OK  [0m] Mounted POSIX Message Queue File System.
[[0;32m  OK  [0m] Started udev Coldplug all Devices.
[[0;32m  OK  [0m] Started LVM2 metadata daemon.
         Starting Initial cloud-init job (pre-networking)...
         Starting Load/Save Random Seed...
         Starting Apply Kernel Variables...
         Mounting FUSE Control File System...
         Mounting Kernel Configuration File System...
         Starting Create Static Device Nodes in /dev...
         Starting Flush Journal to Persistent Storage...
[[0;32m  OK  [0m] Started Monitoring of LVM2 mirrors,…sing dmeventd or progress polling.
[[0;32m  OK  [0m] Started Load/Save Random Seed.
[[0;32m  OK  [0m] Started Apply Kernel Variables.
[[0;32m  OK  [0m] Mounted FUSE Control File System.
[[0;32m  OK  [0m] Mounted Kernel Configuration File System.
[[0;32m  OK  [0m] Started Create Static Device Nodes in /dev.
         Starting udev Kernel Device Manager...
[[0;32m  OK  [0m] Reached target Local File Systems (Pre).
[[0;32m  OK  [0m] Reached target Local File Systems.
         Starting ebtables ruleset management...
         Starting Tell Plymouth To Write Out Runtime Data...
         Starting Set console font and keymap...
         Starting AppArmor initialization...
[[0;32m  OK  [0m] Started Tell Plymouth To Write Out Runtime Data.
[[0;32m  OK  [0m] Started udev Kernel Device Manager.
[[0;32m  OK  [0m] Started Set console font and keymap.
[[0;32m  OK  [0m] Started Dispatch Password Requests to Console Directory Watch.
[[0;32m  OK  [0m] Reached target Local Encrypted Volumes.
[[0;32m  OK  [0m] Started ebtables ruleset management.
[[0;32m  OK  [0m] Started Flush Journal to Persistent Storage.
         Starting Create Volatile Files and Directories...
[[0;32m  OK  [0m] Started Create Volatile Files and Directories.
         Starting Update UTMP about System Boot/Shutdown...
[[0;32m  OK  [0m] Started Update UTMP about System Boot/Shutdown.
[[0;32m  OK  [0m] Found device /dev/ttyS0.
[[0;32m  OK  [0m] Listening on Load/Save RF Kill Switch Status /dev/rfkill Watch.
[[0;32m  OK  [0m] Started AppArmor initialization.
[   36.558173] cloud-init[408]: Cloud-init v. 18.3-9-g2e62cb8a-0ubuntu1~18.04.2 running 'init-local' at Thu, 25 Oct 2018 06:38:30 +0000. Up 36.28 seconds.
[[0;32m  OK  [0m] Started Initial cloud-init job (pre-networking).
[[0;32m  OK  [0m] Reached target Network (Pre).
         Starting Network Service...
[[0;32m  OK  [0m] Started Network Service.
         Starting Network Name Resolution...
         Starting Wait for Network to be Configured...
[[0;32m  OK  [0m] Started Network Name Resolution.
[[0;32m  OK  [0m] Reached target Host and Network Name Lookups.
[[0;32m  OK  [0m] Reached target Network.
[[0;32m  OK  [0m] Started Wait for Network to be Configured.
         Starting Initial cloud-init job (metadata service crawler)...
[   40.473591] cloud-init[646]: Cloud-init v. 18.3-9-g2e62cb8a-0ubuntu1~18.04.2 running 'init' at Thu, 25 Oct 2018 06:38:33 +0000. Up 39.54 seconds.
[   40.500054] cloud-init[646]: ci-info: ++++++++++++++++++++++++++++++++++++++Net device info+++++++++++++++++++++++++++++++++++++++
[   40.528428] cloud-init[646]: ci-info: +--------+------+-----------------------------+---------------+--------+-------------------+
[   40.560489] cloud-init[646]: ci-info: | Device |  Up  |           Address           |      Mask     | Scope  |     Hw-Address    |
[   40.604540] cloud-init[646]: ci-info: +--------+------+-----------------------------+---------------+--------+-------------------+
[[0;32m  OK  [0m] Started Initial cloud-init job (metadata service crawler).
[[0;32m  OK  [0m] Reached target System Initialization.
[[0;32m  OK  [0m] Listening on UUID daemon activation socket.
[   40.739271] cloud-init[646]: ci-info: | enp0s3 | True |          10.0.2.15          | 255.255.255.0 | global | 02:64:b1:f0:58:a2 |
[[0;32m  OK  [0m] Listening on D-Bus System Message Bus Socket.
[   40.868026] [[0;32m  OK  [0m] Listening on Open-iSCSI iscsid Socket.
cloud-init[646]: ci-info: | enp0s3 | True |  fe80::64:b1ff:fef0:58a2/64 |       .       |  link  | 02:64:b1:f0:58:a2 |
         Starting LXD - unix socket.
[   40.962824] cloud-init[646]: ci-info: | enp0s8 | True |        192.168.33.10        | 255.255.255.0 | global | 08:00:27:53:5f:fe |
[[0;32m  OK  [0m] Started Daily apt download activities.
[   41.041119] [cloud-init[0;32m  OK  [0m[646]: ] ci-info: | enp0s8 | True | fe80::a00:27ff:fe53:5ffe/64 |       .       |  link  | 08:00:27:53:5f:fe |Started Daily apt upgrade and clean activities.

[   41.096773] cloud-init[646]: ci-info: |   lo   | True |          127.0.0.1          |   255.0.0.0   |  host  |         .         |
         Starting Socket activation for snappy daemon.
[   41.097934] cloud-init[646]: ci-info: |   lo   | True |           ::1/128           |       .       |  host  |         .         |
[[0;32m  OK  [0m] Started Discard unused blocks once a week.
[   41.253234] cloud-init[646]: ci-info: +--------+------+-----------------------------+---------------+--------+-------------------+
[[0;32m  OK  [0m] Listening on ACPID Listen Socket.
[[0;32m  OK  [0m] Started Message of the Day.
[   41.345980] cloud-init[646]: ci-info: +++++++++++++++++++++++++++++Route IPv4 info+++++++++++++++++++++++++++++
[[0;32m  OK  [0m] Started ACPI Events Check.
[[0;32m  OK  [0m] Started Daily Cleanup of Temporary Directories.
[[0;32m  OK  [0m] Reached target Timers.
[   41.413569] cloud-init[646]: ci-info: +-------+--------------+----------+-----------------+-----------+-------+
[[0;32m  OK  [0m] Reached target Paths.
[[0;32m  OK  [0m] Reached target Network is Online.
[   41.504397] cloud-init[646]: ci-info: | Route | Destination  | Gateway  |     Genmask     | Interface | Flags |
[[0;32m  OK  [0m] Reached target Remote File Systems (Pre).
[   41.605077] [cloud-init[0;32m  OK  [0m[646]: ] ci-info: +-------+--------------+----------+-----------------+-----------+-------+Reached target Remote File Systems.

         Starting Availability of block devices...
[[0;32m  OK  [0m] Reached target Cloud-config availability.
[[0;32m  OK  [0m] Listening on LXD - unix socket.
[[0;32m  OK  [0m] Listening on Socket activation for snappy daemon.
[   41.710752] cloud-init[646]: ci-info: |   0   |   0.0.0.0    | 10.0.2.2 |     0.0.0.0     |   enp0s3  |   UG  |
[[0;32m  OK  [0m] Started Availability of block devices.
[   41.905471] cloud-init[646]: ci-info: |   1   |   10.0.2.0   | 0.0.0.0  |  255.255.255.0  |   enp0s3  |   U   |
[[0;32m  OK  [0m] Reached target Sockets.
[   41.973395] [cloud-init[0;32m  OK  [0m[646]: ] ci-info: |   2   |   10.0.2.2   | 0.0.0.0  | 255.255.255.255 |   enp0s3  |   UH  |Reached target Basic System.

         Starting Permit User Sessions...
[   42.058940] cloud-init[646]: ci-info: |   3   | 192.168.33.0 | 0.0.0.0  |  255.255.255.0  |   enp0s8  |   U   |
         Starting LSB: Record successful boot for GRUB...
[   42.158868] cloud-init[646]: ci-info: +-------+--------------+----------+-----------------+-----------+-------+
[[0;32m  OK  [0m] Started Regular background program processing daemon.
[   42.213614] cloud-init[646]: ci-info: +++++++++++++++++++Route IPv6 info+++++++++++++++++++
         Starting Accounts Service...
[   42.226075] cloud-init[646]: ci-info: +-------+-------------+---------+-----------+-------+
         Starting vboxadd.service...
[[0;32m  OK  [0m] Started Unattended Upgrades Shutdown.
[   42.245227] cloud-init[646]: ci-info: | Route | Destination | Gateway | Interface | Flags |
         Starting LXD - container startup/shutdown...
[   42.337859] cloud-init[646]: ci-info: +-------+-------------+---------+-----------+-------+
[   42.391060] cloud-init[646]: ci-info: |   1   |  fe80::/64  |    ::   |   enp0s8  |   U   |
[[0;32m  OK  [0m] Started irqbalance daemon.
[   42.415475] cloud-init[646]: ci-info: |   2   |  fe80::/64  |    ::   |   enp0s3  |   U   |
         Starting Login Service...
[   42.522570] cloud-init[646]: ci-info: |   4   |    local    |    ::   |   enp0s3  |   U   |
[   42.688270] [[0;32m  OK  [0m] Started Deferred execution scheduler.cloud-init
[646]: ci-info: |   5   |    local    |    ::   |   enp0s8  |   U   |
[   42.844465] [[0;32m  OK  [0m] Started D-Bus System Message Bus.
cloud-init[646]: ci-info: |   6   |   ff00::/8  |    ::   |   enp0s8  |   U   |
[   42.932534] [cloud-init[0;32m  OK  [0m[646]: ] ci-info: |   7   |   ff00::/8  |    ::   |   enp0s3  |   U   |Started Login Service.

[   43.016777] cloud-init[646]: ci-info: +-------+-------------+---------+-----------+-------+
         Starting System Logging Service...
         Starting Snappy daemon...
         Starting Dispatcher daemon for systemd-networkd...
         Starting LSB: automatic crash report generation...
         Starting OpenBSD Secure Shell server...
[[0;32m  OK  [0m] Started FUSE filesystem for LXC.
[[0;32m  OK  [0m] Started System Logging Service.
[[0;32m  OK  [0m] Started Permit User Sessions.
[[0;32m  OK  [0m] Started vboxadd.service.
[[0;32m  OK  [0m] Started LXD - container startup/shutdown.
         Starting Authorization Manager...
         Starting vboxadd-service.service...
         Starting Hold until boot process finishes up...
         Starting Terminate Plymouth Boot Screen...
[[0;32m  OK  [0m] Started OpenBSD Secure Shell server.
[[0;32m  OK  [0m] Started LSB: Record successful boot for GRUB.
[[0;32m  OK  [0m] Started Snappy daemon.
[[0;32m  OK  [0m] Started LSB: automatic crash report generation.
[[0;32m  OK  [0m] Started Hold until boot process finishes up.
[[0;32m  OK  [0m] Started Terminate Plymouth Boot Screen.
[[0;32m  OK  [0m] Started vboxadd-service.service.
[[0;32m  OK  [0m] Started Dispatcher daemon for systemd-networkd.
[[0;32m  OK  [0m] Started Authorization Manager.
[[0;32m  OK  [0m] Started Accounts Service.
[[0;32m  OK  [0m] Created slice User Slice of vagrant.
         Starting Set console scheme...
[[0;32m  OK  [0m] Started Serial Getty on ttyS0.
         Starting Wait until snapd is fully seeded...
[[0;32m  OK  [0m] Started Set console scheme.
[[0;32m  OK  [0m] Started Wait until snapd is fully seeded.
         Starting User Manager for UID 1000...
         Starting Apply the settings specified in cloud-config...
[[0;32m  OK  [0m] Created slice system-getty.slice.
[[0;32m  OK  [0m] Started Getty on tty1.
[[0;32m  OK  [0m] Reached target Login Prompts.
[[0;32m  OK  [0m] Reached target Multi-User System.
[[0;32m  OK  [0m] Reached target Graphical Interface.
         Starting Update UTMP about System Runlevel Changes...
[[0;32m  OK  [0m] Started Session 1 of user vagrant.
[[0;32m  OK  [0m] Started Update UTMP about System Runlevel Changes.
[[0;32m  OK  [0m] Started User Manager for UID 1000.
[   45.738452] cloud-init[1082]: Cloud-init v. 18.3-9-g2e62cb8a-0ubuntu1~18.04.2 running 'modules:config' at Thu, 25 Oct 2018 06:38:39 +0000. Up 45.51 seconds.
[[0;32m  OK  [0m] Started Apply the settings specified in cloud-config.
         Starting Execute cloud user/final scripts...
[   46.733255] cloud-init[1169]: Cloud-init v. 18.3-9-g2e62cb8a-0ubuntu1~18.04.2 running 'modules:final' at Thu, 25 Oct 2018 06:38:40 +0000. Up 46.42 seconds.
[[0;32m  OK  [0m] Started Execute cloud user/final scripts.
[[0;32m  OK  [0m] Reached target Cloud-init target.
[   46.879845] cloud-init[1169]: Cloud-init v. 18.3-9-g2e62cb8a-0ubuntu1~18.04.2 finished at Thu, 25 Oct 2018 06:38:41 +0000. Datasource DataSourceNoCloud [seed=/dev/sdb][dsmode=net].  Up 46.72 seconds

Ubuntu 18.04.1 LTS ubuntu-bionic ttyS0

ubuntu-bionic login: 